{"C:\\Users\\lishu\\Documents\\Prima-Project\\client.ts": {"path":"C:\\Users\\lishu\\Documents\\Prima-Project\\client.ts","statementMap":{"0":{"start":{"line":2,"column":15},"end":{"line":2,"column":33}}},"fnMap":{},"branchMap":{},"s":{"0":1},"f":{},"b":{},"_coverageSchema":"1a1c01bbd47fc00a2c39e90264f33305004495a9","hash":"5d183e9c3bff63204ad301e9413748545e488256"}
,"C:\\Users\\lishu\\Documents\\Prima-Project\\modules\\blog\\blog.controller.ts": {"path":"C:\\Users\\lishu\\Documents\\Prima-Project\\modules\\blog\\blog.controller.ts","statementMap":{"0":{"start":{"line":2,"column":15},"end":{"line":2,"column":33}},"1":{"start":{"line":6,"column":17},"end":{"line":8,"column":1}},"2":{"start":{"line":7,"column":4},"end":{"line":7,"column":40}},"3":{"start":{"line":10,"column":19},"end":{"line":16,"column":1}},"4":{"start":{"line":11,"column":4},"end":{"line":15,"column":7}},"5":{"start":{"line":18,"column":19},"end":{"line":25,"column":1}},"6":{"start":{"line":22,"column":4},"end":{"line":24,"column":7}},"7":{"start":{"line":27,"column":19},"end":{"line":34,"column":1}},"8":{"start":{"line":28,"column":4},"end":{"line":33,"column":7}},"9":{"start":{"line":36,"column":19},"end":{"line":42,"column":1}},"10":{"start":{"line":37,"column":4},"end":{"line":41,"column":7}}},"fnMap":{"0":{"name":"(anonymous_0)","decl":{"start":{"line":6,"column":17},"end":{"line":6,"column":18}},"loc":{"start":{"line":6,"column":45},"end":{"line":8,"column":1}},"line":6},"1":{"name":"(anonymous_1)","decl":{"start":{"line":10,"column":19},"end":{"line":10,"column":20}},"loc":{"start":{"line":10,"column":62},"end":{"line":16,"column":1}},"line":10},"2":{"name":"(anonymous_2)","decl":{"start":{"line":18,"column":19},"end":{"line":18,"column":20}},"loc":{"start":{"line":18,"column":56},"end":{"line":25,"column":1}},"line":18},"3":{"name":"(anonymous_3)","decl":{"start":{"line":27,"column":19},"end":{"line":27,"column":20}},"loc":{"start":{"line":27,"column":79},"end":{"line":34,"column":1}},"line":27},"4":{"name":"(anonymous_4)","decl":{"start":{"line":36,"column":19},"end":{"line":36,"column":20}},"loc":{"start":{"line":36,"column":58},"end":{"line":42,"column":1}},"line":36}},"branchMap":{},"s":{"0":1,"1":1,"2":1,"3":1,"4":1,"5":1,"6":0,"7":1,"8":0,"9":1,"10":0},"f":{"0":1,"1":1,"2":0,"3":0,"4":0},"b":{},"_coverageSchema":"1a1c01bbd47fc00a2c39e90264f33305004495a9","hash":"ff12167df6443cfb65a12cfa2d0590b69a448d87"}
,"C:\\Users\\lishu\\Documents\\Prima-Project\\tests\\controllers\\dummyTestData.ts": {"path":"C:\\Users\\lishu\\Documents\\Prima-Project\\tests\\controllers\\dummyTestData.ts","statementMap":{"0":{"start":{"line":1,"column":27},"end":{"line":9,"column":1}},"1":{"start":{"line":11,"column":25},"end":{"line":30,"column":1}},"2":{"start":{"line":32,"column":27},"end":{"line":46,"column":1}}},"fnMap":{},"branchMap":{},"s":{"0":1,"1":1,"2":1},"f":{},"b":{},"_coverageSchema":"1a1c01bbd47fc00a2c39e90264f33305004495a9","hash":"1a7478f611f22453dfce8734c807f6355a6cc41d"}
}
