TN:
SF:client.ts
FNF:0
FNH:0
DA:2,1
LF:1
LH:1
BRF:0
BRH:0
end_of_record
TN:
SF:modules\blog\blog.controller.ts
FN:6,(anonymous_0)
FN:10,(anonymous_1)
FN:18,(anonymous_2)
FN:27,(anonymous_3)
FN:36,(anonymous_4)
FNF:5
FNH:2
FNDA:1,(anonymous_0)
FNDA:1,(anonymous_1)
FNDA:0,(anonymous_2)
FNDA:0,(anonymous_3)
FNDA:0,(anonymous_4)
DA:2,1
DA:6,1
DA:7,1
DA:10,1
DA:11,1
DA:18,1
DA:22,0
DA:27,1
DA:28,0
DA:36,1
DA:37,0
LF:11
LH:8
BRF:0
BRH:0
end_of_record
TN:
SF:tests\controllers\dummyTestData.ts
FNF:0
FNH:0
DA:1,1
DA:11,1
DA:32,1
LF:3
LH:3
BRF:0
BRH:0
end_of_record
